app/build/intermediates/manifest_merge_blame_file/appCenterDebug/manifest-merger-blame-appCenter-debug-report.txt
1<?xml version="1.0" encoding="utf-8"?>
2<manifest xmlns:android="http://schemas.android.com/apk/res/android"
3    package="com.kawal.malang.officer"
4    android:versionCode="12"
5    android:versionName="1.0.7" >
6
7    <uses-sdk
8        android:minSdkVersion="24"
8-->src/main/AndroidManifest.xml
9        android:targetSdkVersion="33" />
9-->src/main/AndroidManifest.xml
10
11    <uses-permission android:name="android.permission.ACCESS_COARSE_LOCATION" />
11-->src/main/AndroidManifest.xml:5:5-81
11-->src/main/AndroidManifest.xml:5:22-78
12    <uses-permission android:name="android.permission.ACCESS_FINE_LOCATION" />
12-->src/main/AndroidManifest.xml:6:5-79
12-->src/main/AndroidManifest.xml:6:22-76
13    <uses-permission android:name="android.permission.INTERNET" />
13-->src/main/AndroidManifest.xml:7:5-67
13-->src/main/AndroidManifest.xml:7:22-64
14    <uses-permission android:name="android.permission.WRITE_EXTERNAL_STORAGE" />
14-->src/main/AndroidManifest.xml:8:5-81
14-->src/main/AndroidManifest.xml:8:22-78
15    <uses-permission android:name="android.permission.READ_EXTERNAL_STORAGE" />
15-->src/main/AndroidManifest.xml:9:5-80
15-->src/main/AndroidManifest.xml:9:22-77
16    <uses-permission android:name="android.permission.FOREGROUND_SERVICE" />
16-->src/main/AndroidManifest.xml:10:5-77
16-->src/main/AndroidManifest.xml:10:22-74
17    <uses-permission android:name="android.permission.ACCESS_NETWORK_STATE" />
17-->src/main/AndroidManifest.xml:11:5-79
17-->src/main/AndroidManifest.xml:11:22-76
18    <uses-permission android:name="android.permission.WAKE_LOCK" />
18-->src/main/AndroidManifest.xml:12:5-68
18-->src/main/AndroidManifest.xml:12:22-65
19    <uses-permission android:name="android.permission.REQUEST_INSTALL_PACKAGES" />
19-->[com.microsoft.appcenter:appcenter-distribute:5.0.0] AndroidManifest.xml:13:5-83
19-->[com.microsoft.appcenter:appcenter-distribute:5.0.0] AndroidManifest.xml:13:22-80
20    <uses-permission android:name="android.permission.DOWNLOAD_WITHOUT_NOTIFICATION" />
20-->[com.microsoft.appcenter:appcenter-distribute:5.0.0] AndroidManifest.xml:14:5-88
20-->[com.microsoft.appcenter:appcenter-distribute:5.0.0] AndroidManifest.xml:14:22-85
21    <uses-permission android:name="android.permission.POST_NOTIFICATIONS" />
21-->[com.microsoft.appcenter:appcenter-distribute:5.0.0] AndroidManifest.xml:15:5-77
21-->[com.microsoft.appcenter:appcenter-distribute:5.0.0] AndroidManifest.xml:15:22-74
22    <!--
23     Android 11 brings in a lot of changes regarding privacy. By default, list of installed apps is now hidden.
24     Manifest block below make browsers on user devices acessible in order to let SDK check for updates in private update track.
25     See more about managing package visibility: https://developer.android.com/training/basics/intents/package-visibility
26    -->
27    <queries>
27-->[com.microsoft.appcenter:appcenter-distribute:5.0.0] AndroidManifest.xml:22:5-28:15
28        <intent>
28-->[com.microsoft.appcenter:appcenter-distribute:5.0.0] AndroidManifest.xml:23:9-27:18
29            <action android:name="android.intent.action.VIEW" />
29-->[com.microsoft.appcenter:appcenter-distribute:5.0.0] AndroidManifest.xml:24:13-65
29-->[com.microsoft.appcenter:appcenter-distribute:5.0.0] AndroidManifest.xml:24:21-62
30
31            <data android:scheme="https" />
31-->[com.microsoft.appcenter:appcenter-distribute:5.0.0] AndroidManifest.xml:26:13-44
31-->[com.microsoft.appcenter:appcenter-distribute:5.0.0] AndroidManifest.xml:26:19-41
32        </intent>
33        <!-- Query Camera Packages -->
34        <intent>
34-->[com.github.dhaval2404:imagepicker:2.1] AndroidManifest.xml:12:9-14:18
35            <action android:name="android.media.action.IMAGE_CAPTURE" />
35-->[com.github.dhaval2404:imagepicker:2.1] AndroidManifest.xml:13:13-73
35-->[com.github.dhaval2404:imagepicker:2.1] AndroidManifest.xml:13:21-70
36        </intent> <!-- Query Open Document -->
37        <intent>
37-->[com.github.dhaval2404:imagepicker:2.1] AndroidManifest.xml:16:9-18:18
38            <action android:name="android.intent.action.OPEN_DOCUMENT_TREE" />
38-->[com.github.dhaval2404:imagepicker:2.1] AndroidManifest.xml:17:13-79
38-->[com.github.dhaval2404:imagepicker:2.1] AndroidManifest.xml:17:21-76
39        </intent>
40    </queries> <!-- Required by older versions of Google Play services to create IID tokens -->
41    <uses-permission android:name="com.google.android.c2dm.permission.RECEIVE" />
41-->[com.google.firebase:firebase-messaging:23.0.0] AndroidManifest.xml:25:5-82
41-->[com.google.firebase:firebase-messaging:23.0.0] AndroidManifest.xml:25:22-79
42    <uses-permission android:name="com.google.android.finsky.permission.BIND_GET_INSTALL_REFERRER_SERVICE" /> <!-- Include required permissions for Advertising Id -->
42-->[com.google.android.gms:play-services-measurement:20.1.0] AndroidManifest.xml:26:5-110
42-->[com.google.android.gms:play-services-measurement:20.1.0] AndroidManifest.xml:26:22-107
43    <uses-permission android:name="com.google.android.gms.permission.AD_ID" />
43-->[com.google.android.gms:play-services-ads-identifier:18.0.0] AndroidManifest.xml:23:5-79
43-->[com.google.android.gms:play-services-ads-identifier:18.0.0] AndroidManifest.xml:23:22-76
44
45    <supports-screens
45-->[org.osmdroid:osmdroid-android:6.1.10] AndroidManifest.xml:11:5-14:40
46        android:anyDensity="true"
46-->[org.osmdroid:osmdroid-android:6.1.10] AndroidManifest.xml:12:9-34
47        android:largeScreens="true"
47-->[org.osmdroid:osmdroid-android:6.1.10] AndroidManifest.xml:13:9-36
48        android:normalScreens="true" />
48-->[org.osmdroid:osmdroid-android:6.1.10] AndroidManifest.xml:14:9-37
49
50    <uses-feature
50-->[org.osmdroid:osmdroid-android:6.1.10] AndroidManifest.xml:16:5-18:36
51        android:name="android.hardware.location.network"
51-->[org.osmdroid:osmdroid-android:6.1.10] AndroidManifest.xml:17:9-57
52        android:required="false" />
52-->[org.osmdroid:osmdroid-android:6.1.10] AndroidManifest.xml:18:9-33
53    <uses-feature
53-->[org.osmdroid:osmdroid-android:6.1.10] AndroidManifest.xml:19:5-21:36
54        android:name="android.hardware.location.gps"
54-->[org.osmdroid:osmdroid-android:6.1.10] AndroidManifest.xml:20:9-53
55        android:required="false" />
55-->[org.osmdroid:osmdroid-android:6.1.10] AndroidManifest.xml:21:9-33
56    <uses-feature
56-->[org.osmdroid:osmdroid-android:6.1.10] AndroidManifest.xml:22:5-24:36
57        android:name="android.hardware.telephony"
57-->[org.osmdroid:osmdroid-android:6.1.10] AndroidManifest.xml:23:9-50
58        android:required="false" />
58-->[org.osmdroid:osmdroid-android:6.1.10] AndroidManifest.xml:24:9-33
59    <uses-feature
59-->[org.osmdroid:osmdroid-android:6.1.10] AndroidManifest.xml:25:5-27:36
60        android:name="android.hardware.wifi"
60-->[org.osmdroid:osmdroid-android:6.1.10] AndroidManifest.xml:26:9-45
61        android:required="false" />
61-->[org.osmdroid:osmdroid-android:6.1.10] AndroidManifest.xml:27:9-33
62
63    <application
63-->src/main/AndroidManifest.xml:14:5-89:19
64        android:name="com.kawal.malang.officer.presentation.OfficerApplication"
64-->src/main/AndroidManifest.xml:15:9-80
65        android:allowBackup="true"
65-->src/main/AndroidManifest.xml:16:9-35
66        android:appComponentFactory="androidx.core.app.CoreComponentFactory"
66-->[androidx.core:core:1.7.0] AndroidManifest.xml:24:18-86
67        android:debuggable="true"
68        android:extractNativeLibs="false"
69        android:icon="@mipmap/ic_logo_app_foreground"
69-->src/main/AndroidManifest.xml:17:9-54
70        android:label="@string/app_name"
70-->src/main/AndroidManifest.xml:18:9-41
71        android:roundIcon="@mipmap/ic_launcher_round"
71-->src/main/AndroidManifest.xml:19:9-54
72        android:supportsRtl="true"
72-->src/main/AndroidManifest.xml:20:9-35
73        android:testOnly="true"
74        android:theme="@style/Theme.PanicButtonPolresJakarta" >
74-->src/main/AndroidManifest.xml:21:9-62
75        <activity
75-->src/main/AndroidManifest.xml:22:9-24:40
76            android:name="com.kawal.malang.officer.presentation.report.panicHistory.PanicHistoryActivity"
76-->src/main/AndroidManifest.xml:23:13-106
77            android:exported="false" />
77-->src/main/AndroidManifest.xml:24:13-37
78        <activity
78-->src/main/AndroidManifest.xml:25:9-27:40
79            android:name="com.kawal.malang.officer.presentation.briefing.create.CreateBriefingActivity"
79-->src/main/AndroidManifest.xml:26:13-104
80            android:exported="false" />
80-->src/main/AndroidManifest.xml:27:13-37
81        <activity
81-->src/main/AndroidManifest.xml:28:9-30:40
82            android:name="com.kawal.malang.officer.presentation.account.edit.editMember.EditMemberActivity"
82-->src/main/AndroidManifest.xml:29:13-108
83            android:exported="false" />
83-->src/main/AndroidManifest.xml:30:13-37
84        <activity
84-->src/main/AndroidManifest.xml:31:9-33:40
85            android:name="com.kawal.malang.officer.presentation.account.edit.password.EditPasswordActivity"
85-->src/main/AndroidManifest.xml:32:13-108
86            android:exported="false" />
86-->src/main/AndroidManifest.xml:33:13-37
87        <activity
87-->src/main/AndroidManifest.xml:34:9-36:40
88            android:name="com.kawal.malang.officer.presentation.account.edit.editCar.EditCarActivity"
88-->src/main/AndroidManifest.xml:35:13-102
89            android:exported="false" />
89-->src/main/AndroidManifest.xml:36:13-37
90        <activity
90-->src/main/AndroidManifest.xml:37:9-39:40
91            android:name="com.kawal.malang.officer.presentation.patrol.history.PatrolHistoryActivity"
91-->src/main/AndroidManifest.xml:38:13-102
92            android:exported="false" />
92-->src/main/AndroidManifest.xml:39:13-37
93        <activity
93-->src/main/AndroidManifest.xml:40:9-42:40
94            android:name="com.kawal.malang.officer.presentation.report.detail.DetailReportActivity"
94-->src/main/AndroidManifest.xml:41:13-100
95            android:exported="false" />
95-->src/main/AndroidManifest.xml:42:13-37
96        <activity
96-->src/main/AndroidManifest.xml:43:9-45:40
97            android:name="com.kawal.malang.officer.presentation.DashboardActivity"
97-->src/main/AndroidManifest.xml:44:13-83
98            android:exported="false" />
98-->src/main/AndroidManifest.xml:45:13-37
99        <activity
99-->src/main/AndroidManifest.xml:46:9-48:40
100            android:name="com.kawal.malang.officer.presentation.briefing.detail.DetailBriefingActivity"
100-->src/main/AndroidManifest.xml:47:13-104
101            android:exported="false" />
101-->src/main/AndroidManifest.xml:48:13-37
102        <activity
102-->src/main/AndroidManifest.xml:49:9-51:40
103            android:name="com.kawal.malang.officer.presentation.auth.login.LoginActivity"
103-->src/main/AndroidManifest.xml:50:13-90
104            android:exported="false" />
104-->src/main/AndroidManifest.xml:51:13-37
105        <activity
105-->src/main/AndroidManifest.xml:52:9-54:40
106            android:name="com.kawal.malang.officer.core.util.PreviewActivity"
106-->src/main/AndroidManifest.xml:53:13-78
107            android:exported="false" />
107-->src/main/AndroidManifest.xml:54:13-37
108        <activity
108-->src/main/AndroidManifest.xml:55:9-57:40
109            android:name="com.kawal.malang.officer.core.util.ImageActivity"
109-->src/main/AndroidManifest.xml:56:13-76
110            android:exported="false" />
110-->src/main/AndroidManifest.xml:57:13-37
111        <activity
111-->src/main/AndroidManifest.xml:58:9-69:20
112            android:name="com.kawal.malang.officer.presentation.MainActivity"
112-->src/main/AndroidManifest.xml:59:13-78
113            android:exported="true"
113-->src/main/AndroidManifest.xml:60:13-36
114            android:launchMode="singleInstance"
114-->src/main/AndroidManifest.xml:61:13-48
115            android:noHistory="true"
115-->src/main/AndroidManifest.xml:62:13-37
116            android:theme="@style/AppTheme.Splash" >
116-->src/main/AndroidManifest.xml:63:13-51
117            <intent-filter>
117-->src/main/AndroidManifest.xml:64:13-68:29
118                <action android:name="android.intent.action.MAIN" />
118-->src/main/AndroidManifest.xml:65:17-69
118-->src/main/AndroidManifest.xml:65:25-66
119
120                <category android:name="android.intent.category.LAUNCHER" />
120-->src/main/AndroidManifest.xml:67:17-77
120-->src/main/AndroidManifest.xml:67:27-74
121            </intent-filter>
122        </activity>
123
124        <service
124-->src/main/AndroidManifest.xml:71:9-77:19
125            android:name="com.kawal.malang.officer.core.service.MyFirebaseMessagingService"
125-->src/main/AndroidManifest.xml:72:13-92
126            android:exported="false" >
126-->src/main/AndroidManifest.xml:73:13-37
127            <intent-filter>
127-->src/main/AndroidManifest.xml:74:13-76:29
128                <action android:name="com.google.firebase.MESSAGING_EVENT" />
128-->src/main/AndroidManifest.xml:75:17-78
128-->src/main/AndroidManifest.xml:75:25-75
129            </intent-filter>
130        </service>
131        <service
131-->src/main/AndroidManifest.xml:78:9-82:64
132            android:name="com.kawal.malang.officer.core.service.SendLocationService"
132-->src/main/AndroidManifest.xml:79:13-85
133            android:enabled="true"
133-->src/main/AndroidManifest.xml:80:13-35
134            android:exported="true"
134-->src/main/AndroidManifest.xml:81:13-36
135            android:foregroundServiceType="dataSync|location" />
135-->src/main/AndroidManifest.xml:82:13-62
136        <service
136-->src/main/AndroidManifest.xml:84:9-88:64
137            android:name="com.kawal.malang.officer.core.service.prototype.LocationService"
137-->src/main/AndroidManifest.xml:85:13-91
138            android:enabled="true"
138-->src/main/AndroidManifest.xml:86:13-35
139            android:exported="true"
139-->src/main/AndroidManifest.xml:87:13-36
140            android:foregroundServiceType="dataSync|location" />
140-->src/main/AndroidManifest.xml:88:13-62
141
142        <uses-library
142-->[androidx.window:window:1.0.0] AndroidManifest.xml:25:9-27:40
143            android:name="androidx.window.extensions"
143-->[androidx.window:window:1.0.0] AndroidManifest.xml:26:13-54
144            android:required="false" />
144-->[androidx.window:window:1.0.0] AndroidManifest.xml:27:13-37
145        <uses-library
145-->[androidx.window:window:1.0.0] AndroidManifest.xml:28:9-30:40
146            android:name="androidx.window.sidecar"
146-->[androidx.window:window:1.0.0] AndroidManifest.xml:29:13-51
147            android:required="false" />
147-->[androidx.window:window:1.0.0] AndroidManifest.xml:30:13-37
148
149        <activity
149-->[com.microsoft.appcenter:appcenter-distribute:5.0.0] AndroidManifest.xml:31:9-34:75
150            android:name="com.microsoft.appcenter.distribute.install.ReleaseInstallerActivity"
150-->[com.microsoft.appcenter:appcenter-distribute:5.0.0] AndroidManifest.xml:32:13-95
151            android:exported="false"
151-->[com.microsoft.appcenter:appcenter-distribute:5.0.0] AndroidManifest.xml:33:13-37
152            android:theme="@android:style/Theme.Translucent.NoTitleBar" />
152-->[com.microsoft.appcenter:appcenter-distribute:5.0.0] AndroidManifest.xml:34:13-72
153        <activity
153-->[com.microsoft.appcenter:appcenter-distribute:5.0.0] AndroidManifest.xml:35:9-38:75
154            android:name="com.microsoft.appcenter.distribute.permissions.PermissionRequestActivity"
154-->[com.microsoft.appcenter:appcenter-distribute:5.0.0] AndroidManifest.xml:36:13-100
155            android:exported="false"
155-->[com.microsoft.appcenter:appcenter-distribute:5.0.0] AndroidManifest.xml:37:13-37
156            android:theme="@android:style/Theme.Translucent.NoTitleBar" />
156-->[com.microsoft.appcenter:appcenter-distribute:5.0.0] AndroidManifest.xml:38:13-72
157        <activity
157-->[com.microsoft.appcenter:appcenter-distribute:5.0.0] AndroidManifest.xml:39:9-54:20
158            android:name="com.microsoft.appcenter.distribute.DeepLinkActivity"
158-->[com.microsoft.appcenter:appcenter-distribute:5.0.0] AndroidManifest.xml:40:13-79
159            android:exported="true"
159-->[com.microsoft.appcenter:appcenter-distribute:5.0.0] AndroidManifest.xml:41:13-36
160            android:theme="@android:style/Theme.NoDisplay" >
160-->[com.microsoft.appcenter:appcenter-distribute:5.0.0] AndroidManifest.xml:42:13-59
161            <intent-filter>
161-->[com.microsoft.appcenter:appcenter-distribute:5.0.0] AndroidManifest.xml:43:13-53:29
162                <action android:name="android.intent.action.VIEW" />
162-->[com.microsoft.appcenter:appcenter-distribute:5.0.0] AndroidManifest.xml:24:13-65
162-->[com.microsoft.appcenter:appcenter-distribute:5.0.0] AndroidManifest.xml:24:21-62
163
164                <category android:name="android.intent.category.DEFAULT" />
164-->[com.microsoft.appcenter:appcenter-distribute:5.0.0] AndroidManifest.xml:46:17-76
164-->[com.microsoft.appcenter:appcenter-distribute:5.0.0] AndroidManifest.xml:46:27-73
165                <category android:name="android.intent.category.BROWSABLE" />
165-->[com.microsoft.appcenter:appcenter-distribute:5.0.0] AndroidManifest.xml:47:17-78
165-->[com.microsoft.appcenter:appcenter-distribute:5.0.0] AndroidManifest.xml:47:27-75
166
167                <data
167-->[com.microsoft.appcenter:appcenter-distribute:5.0.0] AndroidManifest.xml:26:13-44
168                    android:host="updates"
169                    android:path="/"
170                    android:scheme="appcenter" />
170-->[com.microsoft.appcenter:appcenter-distribute:5.0.0] AndroidManifest.xml:26:19-41
171            </intent-filter>
172        </activity>
173
174        <receiver
174-->[com.microsoft.appcenter:appcenter-distribute:5.0.0] AndroidManifest.xml:56:9-62:20
175            android:name="com.microsoft.appcenter.distribute.UpdateReceiver"
175-->[com.microsoft.appcenter:appcenter-distribute:5.0.0] AndroidManifest.xml:57:13-77
176            android:exported="false" >
176-->[com.microsoft.appcenter:appcenter-distribute:5.0.0] AndroidManifest.xml:58:13-37
177            <intent-filter>
177-->[com.microsoft.appcenter:appcenter-distribute:5.0.0] AndroidManifest.xml:59:13-61:29
178                <action android:name="android.intent.action.MY_PACKAGE_REPLACED" />
178-->[com.microsoft.appcenter:appcenter-distribute:5.0.0] AndroidManifest.xml:60:17-84
178-->[com.microsoft.appcenter:appcenter-distribute:5.0.0] AndroidManifest.xml:60:25-81
179            </intent-filter>
180        </receiver>
181        <receiver
181-->[com.microsoft.appcenter:appcenter-distribute:5.0.0] AndroidManifest.xml:63:9-70:20
182            android:name="com.microsoft.appcenter.distribute.DownloadManagerReceiver"
182-->[com.microsoft.appcenter:appcenter-distribute:5.0.0] AndroidManifest.xml:64:13-86
183            android:exported="true" >
183-->[com.microsoft.appcenter:appcenter-distribute:5.0.0] AndroidManifest.xml:65:13-36
184            <intent-filter>
184-->[com.microsoft.appcenter:appcenter-distribute:5.0.0] AndroidManifest.xml:66:13-69:29
185                <action android:name="android.intent.action.DOWNLOAD_COMPLETE" />
185-->[com.microsoft.appcenter:appcenter-distribute:5.0.0] AndroidManifest.xml:67:17-82
185-->[com.microsoft.appcenter:appcenter-distribute:5.0.0] AndroidManifest.xml:67:25-79
186                <action android:name="android.intent.action.DOWNLOAD_NOTIFICATION_CLICKED" />
186-->[com.microsoft.appcenter:appcenter-distribute:5.0.0] AndroidManifest.xml:68:17-94
186-->[com.microsoft.appcenter:appcenter-distribute:5.0.0] AndroidManifest.xml:68:25-91
187            </intent-filter>
188        </receiver>
189
190        <activity
190-->[com.github.dhaval2404:imagepicker:2.1] AndroidManifest.xml:22:9-25:68
191            android:name="com.github.dhaval2404.imagepicker.ImagePickerActivity"
191-->[com.github.dhaval2404:imagepicker:2.1] AndroidManifest.xml:23:13-81
192            android:screenOrientation="unspecified"
192-->[com.github.dhaval2404:imagepicker:2.1] AndroidManifest.xml:24:13-52
193            android:theme="@style/Theme.Transparent.ImagePicker" />
193-->[com.github.dhaval2404:imagepicker:2.1] AndroidManifest.xml:25:13-65
194        <activity
194-->[com.github.dhaval2404:imagepicker:2.1] AndroidManifest.xml:26:9-29:72
195            android:name="com.yalantis.ucrop.UCropActivity"
195-->[com.github.dhaval2404:imagepicker:2.1] AndroidManifest.xml:27:13-60
196            android:screenOrientation="portrait"
196-->[com.github.dhaval2404:imagepicker:2.1] AndroidManifest.xml:28:13-49
197            android:theme="@style/Theme.AppCompat.Light.NoActionBar" />
197-->[com.github.dhaval2404:imagepicker:2.1] AndroidManifest.xml:29:13-69
198
199        <provider
199-->[com.github.dhaval2404:imagepicker:2.1] AndroidManifest.xml:31:9-39:20
200            android:name="com.github.dhaval2404.imagepicker.ImagePickerFileProvider"
200-->[com.github.dhaval2404:imagepicker:2.1] AndroidManifest.xml:32:13-85
201            android:authorities="com.kawal.malang.officer.imagepicker.provider"
201-->[com.github.dhaval2404:imagepicker:2.1] AndroidManifest.xml:33:13-72
202            android:exported="false"
202-->[com.github.dhaval2404:imagepicker:2.1] AndroidManifest.xml:34:13-37
203            android:grantUriPermissions="true" >
203-->[com.github.dhaval2404:imagepicker:2.1] AndroidManifest.xml:35:13-47
204            <meta-data
204-->[com.github.dhaval2404:imagepicker:2.1] AndroidManifest.xml:36:13-38:71
205                android:name="android.support.FILE_PROVIDER_PATHS"
205-->[com.github.dhaval2404:imagepicker:2.1] AndroidManifest.xml:37:17-67
206                android:resource="@xml/image_picker_provider_paths" />
206-->[com.github.dhaval2404:imagepicker:2.1] AndroidManifest.xml:38:17-68
207        </provider>
208
209        <service
209-->[com.google.firebase:firebase-messaging-ktx:23.0.0] AndroidManifest.xml:26:9-32:19
210            android:name="com.google.firebase.components.ComponentDiscoveryService"
210-->[com.google.firebase:firebase-messaging-ktx:23.0.0] AndroidManifest.xml:27:13-84
211            android:directBootAware="true"
211-->[com.google.firebase:firebase-common:20.0.0] AndroidManifest.xml:35:13-43
212            android:exported="false" >
212-->[com.google.firebase:firebase-messaging-ktx:23.0.0] AndroidManifest.xml:28:13-37
213            <meta-data
213-->[com.google.firebase:firebase-messaging-ktx:23.0.0] AndroidManifest.xml:29:13-31:85
214                android:name="com.google.firebase.components:com.google.firebase.messaging.ktx.FirebaseMessagingKtxRegistrar"
214-->[com.google.firebase:firebase-messaging-ktx:23.0.0] AndroidManifest.xml:30:17-126
215                android:value="com.google.firebase.components.ComponentRegistrar" />
215-->[com.google.firebase:firebase-messaging-ktx:23.0.0] AndroidManifest.xml:31:17-82
216            <meta-data
216-->[com.google.firebase:firebase-messaging:23.0.0] AndroidManifest.xml:52:13-54:85
217                android:name="com.google.firebase.components:com.google.firebase.messaging.FirebaseMessagingRegistrar"
217-->[com.google.firebase:firebase-messaging:23.0.0] AndroidManifest.xml:53:17-119
218                android:value="com.google.firebase.components.ComponentRegistrar" />
218-->[com.google.firebase:firebase-messaging:23.0.0] AndroidManifest.xml:54:17-82
219            <meta-data
219-->[com.google.firebase:firebase-crashlytics-ktx:17.3.1] AndroidManifest.xml:27:13-29:85
220                android:name="com.google.firebase.components:com.google.firebase.crashlytics.ktx.FirebaseCrashlyticsKtxRegistrar"
220-->[com.google.firebase:firebase-crashlytics-ktx:17.3.1] AndroidManifest.xml:28:17-130
221                android:value="com.google.firebase.components.ComponentRegistrar" />
221-->[com.google.firebase:firebase-crashlytics-ktx:17.3.1] AndroidManifest.xml:29:17-82
222            <meta-data
222-->[com.google.firebase:firebase-analytics-ktx:18.0.2] AndroidManifest.xml:11:13-13:85
223                android:name="com.google.firebase.components:com.google.firebase.analytics.ktx.FirebaseAnalyticsKtxRegistrar"
223-->[com.google.firebase:firebase-analytics-ktx:18.0.2] AndroidManifest.xml:12:17-126
224                android:value="com.google.firebase.components.ComponentRegistrar" />
224-->[com.google.firebase:firebase-analytics-ktx:18.0.2] AndroidManifest.xml:13:17-82
225            <meta-data
225-->[com.google.firebase:firebase-common-ktx:20.0.0] AndroidManifest.xml:15:13-17:85
226                android:name="com.google.firebase.components:com.google.firebase.ktx.FirebaseCommonKtxRegistrar"
226-->[com.google.firebase:firebase-common-ktx:20.0.0] AndroidManifest.xml:16:17-113
227                android:value="com.google.firebase.components.ComponentRegistrar" />
227-->[com.google.firebase:firebase-common-ktx:20.0.0] AndroidManifest.xml:17:17-82
228            <meta-data
228-->[com.google.firebase:firebase-datatransport:18.0.0] AndroidManifest.xml:28:13-30:85
229                android:name="com.google.firebase.components:com.google.firebase.datatransport.TransportRegistrar"
229-->[com.google.firebase:firebase-datatransport:18.0.0] AndroidManifest.xml:29:17-115
230                android:value="com.google.firebase.components.ComponentRegistrar" />
230-->[com.google.firebase:firebase-datatransport:18.0.0] AndroidManifest.xml:30:17-82
231            <meta-data
231-->[com.google.android.gms:play-services-measurement-api:20.1.0] AndroidManifest.xml:30:13-32:85
232                android:name="com.google.firebase.components:com.google.firebase.analytics.connector.internal.AnalyticsConnectorRegistrar"
232-->[com.google.android.gms:play-services-measurement-api:20.1.0] AndroidManifest.xml:31:17-139
233                android:value="com.google.firebase.components.ComponentRegistrar" />
233-->[com.google.android.gms:play-services-measurement-api:20.1.0] AndroidManifest.xml:32:17-82
234            <meta-data
234-->[com.google.firebase:firebase-crashlytics:17.3.1] AndroidManifest.xml:18:13-20:85
235                android:name="com.google.firebase.components:com.google.firebase.crashlytics.CrashlyticsRegistrar"
235-->[com.google.firebase:firebase-crashlytics:17.3.1] AndroidManifest.xml:19:17-115
236                android:value="com.google.firebase.components.ComponentRegistrar" />
236-->[com.google.firebase:firebase-crashlytics:17.3.1] AndroidManifest.xml:20:17-82
237            <meta-data
237-->[com.google.firebase:firebase-installations:17.0.0] AndroidManifest.xml:18:13-20:85
238                android:name="com.google.firebase.components:com.google.firebase.installations.FirebaseInstallationsRegistrar"
238-->[com.google.firebase:firebase-installations:17.0.0] AndroidManifest.xml:19:17-127
239                android:value="com.google.firebase.components.ComponentRegistrar" />
239-->[com.google.firebase:firebase-installations:17.0.0] AndroidManifest.xml:20:17-82
240        </service>
241
242        <receiver
242-->[com.google.firebase:firebase-messaging:23.0.0] AndroidManifest.xml:28:9-35:20
243            android:name="com.google.firebase.iid.FirebaseInstanceIdReceiver"
243-->[com.google.firebase:firebase-messaging:23.0.0] AndroidManifest.xml:29:13-78
244            android:exported="true"
244-->[com.google.firebase:firebase-messaging:23.0.0] AndroidManifest.xml:30:13-36
245            android:permission="com.google.android.c2dm.permission.SEND" >
245-->[com.google.firebase:firebase-messaging:23.0.0] AndroidManifest.xml:31:13-73
246            <intent-filter>
246-->[com.google.firebase:firebase-messaging:23.0.0] AndroidManifest.xml:32:13-34:29
247                <action android:name="com.google.android.c2dm.intent.RECEIVE" />
247-->[com.google.firebase:firebase-messaging:23.0.0] AndroidManifest.xml:33:17-81
247-->[com.google.firebase:firebase-messaging:23.0.0] AndroidManifest.xml:33:25-78
248            </intent-filter>
249        </receiver>
250        <!--
251             FirebaseMessagingService performs security checks at runtime,
252             but set to not exported to explicitly avoid allowing another app to call it.
253        -->
254        <service
254-->[com.google.firebase:firebase-messaging:23.0.0] AndroidManifest.xml:41:9-48:19
255            android:name="com.google.firebase.messaging.FirebaseMessagingService"
255-->[com.google.firebase:firebase-messaging:23.0.0] AndroidManifest.xml:42:13-82
256            android:directBootAware="true"
256-->[com.google.firebase:firebase-messaging:23.0.0] AndroidManifest.xml:43:13-43
257            android:exported="false" >
257-->[com.google.firebase:firebase-messaging:23.0.0] AndroidManifest.xml:44:13-37
258            <intent-filter android:priority="-500" >
258-->src/main/AndroidManifest.xml:74:13-76:29
259                <action android:name="com.google.firebase.MESSAGING_EVENT" />
259-->src/main/AndroidManifest.xml:75:17-78
259-->src/main/AndroidManifest.xml:75:25-75
260            </intent-filter>
261        </service>
262
263        <provider
263-->[com.google.firebase:firebase-common:20.0.0] AndroidManifest.xml:26:9-31:39
264            android:name="com.google.firebase.provider.FirebaseInitProvider"
264-->[com.google.firebase:firebase-common:20.0.0] AndroidManifest.xml:27:13-77
265            android:authorities="com.kawal.malang.officer.firebaseinitprovider"
265-->[com.google.firebase:firebase-common:20.0.0] AndroidManifest.xml:28:13-72
266            android:directBootAware="true"
266-->[com.google.firebase:firebase-common:20.0.0] AndroidManifest.xml:29:13-43
267            android:exported="false"
267-->[com.google.firebase:firebase-common:20.0.0] AndroidManifest.xml:30:13-37
268            android:initOrder="100" />
268-->[com.google.firebase:firebase-common:20.0.0] AndroidManifest.xml:31:13-36
269
270        <receiver
270-->[com.google.android.gms:play-services-measurement:20.1.0] AndroidManifest.xml:29:9-33:20